<?xml version="1.0" encoding="UTF-8"?>
<!-- Generated by org.testng.reporters.JUnitXMLReporter -->
<testsuite ignored="0" hostname="SIPL92" failures="1" tests="1" name="MNX Tracking" time="211.796" errors="0" timestamp="2024-06-27T17:13:53 IST">
  <testcase classname="mnx_Tracking.TrackingTest" name="test_Tracking" time="211.52">
    <failure type="java.lang.NullPointerException" message="null value in entry: url=null">
      <![CDATA[java.lang.NullPointerException: null value in entry: url=null
at com.google.common.collect.CollectPreconditions.checkEntryNotNull(CollectPreconditions.java:33)
at com.google.common.collect.SingletonImmutableBiMap.<init>(SingletonImmutableBiMap.java:43)
at com.google.common.collect.ImmutableBiMap.of(ImmutableBiMap.java:81)
at com.google.common.collect.ImmutableMap.of(ImmutableMap.java:126)
at org.openqa.selenium.remote.DriverCommand.GET(DriverCommand.java:191)
at org.openqa.selenium.remote.RemoteWebDriver.get(RemoteWebDriver.java:300)
at mnx_Tracking.track_MXTMS.mxtmslogin(track_MXTMS.java:51)
at mnx_Tracking.track_MXTMS.oCancel_MXTMS(track_MXTMS.java:32)
at mnx_Tracking.TrackingTest.test_Tracking(TrackingTest.java:49)
at java.base/java.util.ArrayList.forEach(ArrayList.java:1511)
... Removed 25 stack frames]]>
    </failure>
  </testcase> <!-- test_Tracking -->
</testsuite> <!-- MNX Tracking -->
