<?xml version="1.0" encoding="UTF-8"?>
<testng-results ignored="0" total="1" passed="1" failed="0" skipped="0">
  <reporter-output>
  </reporter-output>
  <suite started-at="2024-06-27T17:59:20 IST" name="Default suite" finished-at="2024-06-27T18:04:37 IST" duration-ms="316928">
    <groups>
    </groups>
    <test started-at="2024-06-27T17:59:20 IST" name="Default test" finished-at="2024-06-27T18:04:37 IST" duration-ms="316928">
      <class name="mnx_Tracking.TrackingTest">
        <test-method is-config="true" signature="beforeMethod()[pri:0, instance:mnx_Tracking.TrackingTest@6d60fe40]" started-at="2024-06-27T17:59:10 IST" name="beforeMethod" finished-at="2024-06-27T17:59:20 IST" duration-ms="10195" status="PASS">
          <reporter-output>
          </reporter-output>
        </test-method> <!-- beforeMethod -->
        <test-method is-config="true" signature="testMethodName(java.lang.reflect.Method)[pri:0, instance:mnx_Tracking.TrackingTest@6d60fe40]" started-at="2024-06-27T17:59:20 IST" name="testMethodName" finished-at="2024-06-27T17:59:20 IST" duration-ms="16" status="PASS">
          <params>
            <param index="0">
              <value>
                <![CDATA[public void mnx_Tracking.TrackingTest.test_Tracking() throws java.lang.Exception]]>
              </value>
            </param>
          </params>
          <reporter-output>
          </reporter-output>
        </test-method> <!-- testMethodName -->
        <test-method signature="test_Tracking()[pri:0, instance:mnx_Tracking.TrackingTest@6d60fe40]" started-at="2024-06-27T17:59:20 IST" name="test_Tracking" finished-at="2024-06-27T18:04:37 IST" duration-ms="316682" status="PASS">
          <reporter-output>
          </reporter-output>
        </test-method> <!-- test_Tracking -->
        <test-method is-config="true" signature="getResult(org.testng.ITestResult)[pri:0, instance:mnx_Tracking.TrackingTest@6d60fe40]" started-at="2024-06-27T18:04:37 IST" name="getResult" finished-at="2024-06-27T18:04:37 IST" duration-ms="140" status="PASS">
          <params>
            <param index="0">
              <value>
                <![CDATA[[TestResult name=test_Tracking status=SUCCESS method=TrackingTest.test_Tracking()[pri:0, instance:mnx_Tracking.TrackingTest@6d60fe40] output={null}]]]>
              </value>
            </param>
          </params>
          <reporter-output>
          </reporter-output>
        </test-method> <!-- getResult -->
        <test-method is-config="true" signature="SendEmail()[pri:0, instance:mnx_Tracking.TrackingTest@6d60fe40]" started-at="2024-06-27T18:04:37 IST" name="SendEmail" finished-at="2024-06-27T18:04:39 IST" duration-ms="1872" status="PASS">
          <reporter-output>
          </reporter-output>
        </test-method> <!-- SendEmail -->
      </class> <!-- mnx_Tracking.TrackingTest -->
    </test> <!-- Default test -->
  </suite> <!-- Default suite -->
</testng-results>
